c:\users\usuário\source\repos\projeto_pim_ii\projeto_pim_ii\release\vc142.pdb
c:\users\usuário\source\repos\projeto_pim_ii\projeto_pim_ii\release\funcao_captura_parametro_medico.obj
c:\users\usuário\source\repos\projeto_pim_ii\projeto_pim_ii\release\funcao_captura_parametro_colaborador.obj
c:\users\usuário\source\repos\projeto_pim_ii\projeto_pim_ii\release\consultar_medico.obj
c:\users\usuário\source\repos\projeto_pim_ii\projeto_pim_ii\release\consultar_colaborador.obj
c:\users\usuário\source\repos\projeto_pim_ii\projeto_pim_ii\release\funcao_cancelar_agendamento.obj
c:\users\usuário\source\repos\projeto_pim_ii\projeto_pim_ii\release\funcao_cadastrar_reclamacao.obj
c:\users\usuário\source\repos\projeto_pim_ii\projeto_pim_ii\release\funcao_arquivo_nao_encontrado.obj
c:\users\usuário\source\repos\projeto_pim_ii\projeto_pim_ii\release\cadastrar_paciente.obj
c:\users\usuário\source\repos\projeto_pim_ii\projeto_pim_ii\release\cadastrar_medico.obj
c:\users\usuário\source\repos\projeto_pim_ii\projeto_pim_ii\release\cadastrar_elogio.obj
c:\users\usuário\source\repos\projeto_pim_ii\projeto_pim_ii\release\cadastrar_colaborador.obj
c:\users\usuário\source\repos\projeto_pim_ii\projeto_pim_ii\release\abrir_escrita_reclamacao.obj
c:\users\usuário\source\repos\projeto_pim_ii\projeto_pim_ii\release\abrir_escrita_paciente.obj
c:\users\usuário\source\repos\projeto_pim_ii\projeto_pim_ii\release\abrir_escrita_medico.obj
c:\users\usuário\source\repos\projeto_pim_ii\projeto_pim_ii\release\abrir_escrita_elogio.obj
c:\users\usuário\source\repos\projeto_pim_ii\projeto_pim_ii\release\abrir_escrita_colaborador.obj
c:\users\usuário\source\repos\projeto_pim_ii\projeto_pim_ii\release\abrir_escrita_agendamento.obj
c:\users\usuário\source\repos\projeto_pim_ii\projeto_pim_ii\release\abrir_atualiza_colaborador.obj
c:\users\usuário\source\repos\projeto_pim_ii\projeto_pim_ii\release\abrir_atualiza_agendamento.obj
c:\users\usuário\source\repos\projeto_pim_ii\projeto_pim_ii\release\01_main.obj
c:\users\usuário\source\repos\projeto_pim_ii\projeto_pim_ii\release\funcao_captura_codigo_id.obj
c:\users\usuário\source\repos\projeto_pim_ii\projeto_pim_ii\release\funcao_busca_mes_faturamento.obj
c:\users\usuário\source\repos\projeto_pim_ii\projeto_pim_ii\release\funcao_busca_mes_agendamento.obj
c:\users\usuário\source\repos\projeto_pim_ii\projeto_pim_ii\release\funcao_busca_data_reclamacao.obj
c:\users\usuário\source\repos\projeto_pim_ii\projeto_pim_ii\release\funcao_busca_data_elogio.obj
c:\users\usuário\source\repos\projeto_pim_ii\projeto_pim_ii\release\escrever_arquivo_reclamacao.obj
c:\users\usuário\source\repos\projeto_pim_ii\projeto_pim_ii\release\escrever_arquivo_paciente.obj
c:\users\usuário\source\repos\projeto_pim_ii\projeto_pim_ii\release\escrever_arquivo_medico.obj
c:\users\usuário\source\repos\projeto_pim_ii\projeto_pim_ii\release\escrever_arquivo_elogio.obj
c:\users\usuário\source\repos\projeto_pim_ii\projeto_pim_ii\release\escrever_arquivo_colaborador.obj
c:\users\usuário\source\repos\projeto_pim_ii\projeto_pim_ii\release\escrever_arquivo_agendamento.obj
c:\users\usuário\source\repos\projeto_pim_ii\projeto_pim_ii\release\consultar_paciente.obj
c:\users\usuário\source\repos\projeto_pim_ii\projeto_pim_ii\release\abrir_leitura_reclamacao.obj
c:\users\usuário\source\repos\projeto_pim_ii\projeto_pim_ii\release\abrir_leitura_paciente.obj
c:\users\usuário\source\repos\projeto_pim_ii\projeto_pim_ii\release\abrir_leitura_medico.obj
c:\users\usuário\source\repos\projeto_pim_ii\projeto_pim_ii\release\abrir_leitura_elogio.obj
c:\users\usuário\source\repos\projeto_pim_ii\projeto_pim_ii\release\abrir_leitura_colaborador.obj
c:\users\usuário\source\repos\projeto_pim_ii\projeto_pim_ii\release\abrir_leitura_agendamento.obj
c:\users\usuário\source\repos\projeto_pim_ii\projeto_pim_ii\release\funcao_consulta_agendamento_data.obj
c:\users\usuário\source\repos\projeto_pim_ii\projeto_pim_ii\release\funcao_captura_unidade.obj
c:\users\usuário\source\repos\projeto_pim_ii\projeto_pim_ii\release\funcao_faturamento_mensal_unidade.obj
c:\users\usuário\source\repos\projeto_pim_ii\projeto_pim_ii\release\funcao_consulta_paciente_unidade.obj
c:\users\usuário\source\repos\projeto_pim_ii\projeto_pim_ii\release\funcao_consulta_paciente_nome.obj
c:\users\usuário\source\repos\projeto_pim_ii\projeto_pim_ii\release\funcao_consulta_colaborador_nome.obj
c:\users\usuário\source\repos\projeto_pim_ii\projeto_pim_ii\release\funcao_consulta_paciente_codigo_id.obj
c:\users\usuário\source\repos\projeto_pim_ii\projeto_pim_ii\release\funcao_consulta_medico_unidade.obj
c:\users\usuário\source\repos\projeto_pim_ii\projeto_pim_ii\release\funcao_consulta_medico_nome.obj
c:\users\usuário\source\repos\projeto_pim_ii\projeto_pim_ii\release\funcao_consulta_medico_codigo_id.obj
c:\users\usuário\source\repos\projeto_pim_ii\projeto_pim_ii\release\funcao_consulta_colaborador_unidade.obj
c:\users\usuário\source\repos\projeto_pim_ii\projeto_pim_ii\release\funcao_consulta_colaborador_codigo_id.obj
c:\users\usuário\source\repos\projeto_pim_ii\projeto_pim_ii\release\funcao_consulta_agendamento_unidade.obj
c:\users\usuário\source\repos\projeto_pim_ii\projeto_pim_ii\release\funcao_consulta_agendamento_data_e_unidade.obj
c:\users\usuário\source\repos\projeto_pim_ii\projeto_pim_ii\release\funcao_cadastra_unidade.obj
c:\users\usuário\source\repos\projeto_pim_ii\projeto_pim_ii\release\funcao_captura_parametro_paciente.obj
c:\users\usuário\source\repos\projeto_pim_ii\projeto_pim_ii\release\funcao_captura_nome.obj
c:\users\usuário\source\repos\projeto_pim_ii\projeto_pim_ii\release\funcao_captura_mes_ano.obj
c:\users\usuário\source\repos\projeto_pim_ii\projeto_pim_ii\release\funcao_cadastra_especialidade.obj
c:\users\usuário\source\repos\projeto_pim_ii\projeto_pim_ii\release\funcao_captura_data_periodo.obj
c:\users\usuário\source\repos\projeto_pim_ii\projeto_pim_ii\release\funcao_captura_data_e_unidade.obj
c:\users\usuário\source\repos\projeto_pim_ii\projeto_pim_ii\release\funcao_captura_data.obj
c:\users\usuário\source\repos\projeto_pim_ii\projeto_pim_ii\release\funcao_esconde_senha.obj
c:\users\usuário\source\repos\projeto_pim_ii\projeto_pim_ii\release\funcao_tela_de_acesso.obj
c:\users\usuário\source\repos\projeto_pim_ii\projeto_pim_ii\release\menu_opcao_principal.obj
c:\users\usuário\source\repos\projeto_pim_ii\projeto_pim_ii\release\menu_opcao_consulta_agendamento.obj
c:\users\usuário\source\repos\projeto_pim_ii\projeto_pim_ii\release\menu_opcao_cadastro.obj
c:\users\usuário\source\repos\projeto_pim_ii\projeto_pim_ii\release\menu_opcao_agendamento.obj
c:\users\usuário\source\repos\projeto_pim_ii\projeto_pim_ii\release\ler_arquivo_usuario_senha.obj
c:\users\usuário\source\repos\projeto_pim_ii\projeto_pim_ii\release\abrir_leitura_usuario_senha.obj
c:\users\usuário\source\repos\projeto_pim_ii\projeto_pim_ii\release\ler_arquivo_paciente.obj
c:\users\usuário\source\repos\projeto_pim_ii\projeto_pim_ii\release\funcao_captura_usuario_senha.obj
c:\users\usuário\source\repos\projeto_pim_ii\projeto_pim_ii\release\cadastrar_agendamento.obj
c:\users\usuário\source\repos\projeto_pim_ii\projeto_pim_ii\release\ler_arquivo_medico.obj
c:\users\usuário\source\repos\projeto_pim_ii\projeto_pim_ii\release\ler_arquivo_especialidade_valor.obj
c:\users\usuário\source\repos\projeto_pim_ii\projeto_pim_ii\release\ler_arquivo_reclamacao_elogio.obj
c:\users\usuário\source\repos\projeto_pim_ii\projeto_pim_ii\release\ler_arquivo_colaborador.obj
c:\users\usuário\source\repos\projeto_pim_ii\projeto_pim_ii\release\ler_arquivo_agendamento.obj
c:\users\usuário\source\repos\projeto_pim_ii\projeto_pim_ii\release\funcao_verificar_codigo_agendamento.obj
c:\users\usuário\source\repos\projeto_pim_ii\projeto_pim_ii\release\funcao_faturamento_diario_unidade.obj
c:\users\usuário\source\repos\projeto_pim_ii\projeto_pim_ii\release\funcao_teste.obj
c:\users\usuário\source\repos\projeto_pim_ii\projeto_pim_ii\release\funcao_selecionar_agendamento.obj
c:\users\usuário\source\repos\projeto_pim_ii\projeto_pim_ii\release\print_menu_agendamento.obj
c:\users\usuário\source\repos\projeto_pim_ii\projeto_pim_ii\release\print_medico.obj
c:\users\usuário\source\repos\projeto_pim_ii\projeto_pim_ii\release\print_faturamento.obj
c:\users\usuário\source\repos\projeto_pim_ii\projeto_pim_ii\release\print_encerrando_aplicacao.obj
c:\users\usuário\source\repos\projeto_pim_ii\projeto_pim_ii\release\print_elogio.obj
c:\users\usuário\source\repos\projeto_pim_ii\projeto_pim_ii\release\print_desconectado_com_sucesso.obj
c:\users\usuário\source\repos\projeto_pim_ii\projeto_pim_ii\release\print_data_pesquisada_periodo.obj
c:\users\usuário\source\repos\projeto_pim_ii\projeto_pim_ii\release\print_data_hora_sistema.obj
c:\users\usuário\source\repos\projeto_pim_ii\projeto_pim_ii\release\print_data_e_unidade_pesquisada.obj
c:\users\usuário\source\repos\projeto_pim_ii\projeto_pim_ii\release\print_data_atual.obj
c:\users\usuário\source\repos\projeto_pim_ii\projeto_pim_ii\release\print_dados_gravados.obj
c:\users\usuário\source\repos\projeto_pim_ii\projeto_pim_ii\release\print_comando_invalido.obj
c:\users\usuário\source\repos\projeto_pim_ii\projeto_pim_ii\release\print_colaborador.obj
c:\users\usuário\source\repos\projeto_pim_ii\projeto_pim_ii\release\print_boas_vindas.obj
c:\users\usuário\source\repos\projeto_pim_ii\projeto_pim_ii\release\print_agendamento_cancelado.obj
c:\users\usuário\source\repos\projeto_pim_ii\projeto_pim_ii\release\print_agendamento.obj
c:\users\usuário\source\repos\projeto_pim_ii\projeto_pim_ii\release\menu_relatorio_faturamento_mensal_unidade.obj
c:\users\usuário\source\repos\projeto_pim_ii\projeto_pim_ii\release\menu_relatorio_elogio_registrados.obj
c:\users\usuário\source\repos\projeto_pim_ii\projeto_pim_ii\release\menu_opcao_relatorio.obj
c:\users\usuário\source\repos\projeto_pim_ii\projeto_pim_ii\release\menu_opcao_reclamacao_elogio.obj
c:\users\usuário\source\repos\projeto_pim_ii\projeto_pim_ii\release\print_menu_opcao_cadastro.obj
c:\users\usuário\source\repos\projeto_pim_ii\projeto_pim_ii\release\print_menu_opcao_agendamento.obj
c:\users\usuário\source\repos\projeto_pim_ii\projeto_pim_ii\release\print_opcao_parametro_consulta.obj
c:\users\usuário\source\repos\projeto_pim_ii\projeto_pim_ii\release\print_menu_reclamacao.obj
c:\users\usuário\source\repos\projeto_pim_ii\projeto_pim_ii\release\print_menu_novo_cadastro.obj
c:\users\usuário\source\repos\projeto_pim_ii\projeto_pim_ii\release\print_menu_novo_agendamento.obj
c:\users\usuário\source\repos\projeto_pim_ii\projeto_pim_ii\release\print_menu_elogio.obj
c:\users\usuário\source\repos\projeto_pim_ii\projeto_pim_ii\release\print_desenho_de_acesso.obj
c:\users\usuário\source\repos\projeto_pim_ii\projeto_pim_ii\release\print_menu_consultar_agendamento.obj
c:\users\usuário\source\repos\projeto_pim_ii\projeto_pim_ii\release\print_menu_cancelar_agendamento.obj
c:\users\usuário\source\repos\projeto_pim_ii\projeto_pim_ii\release\print_fim_do_relatorio.obj
c:\users\usuário\source\repos\projeto_pim_ii\projeto_pim_ii\release\print_data_pesquisada.obj
c:\users\usuário\source\repos\projeto_pim_ii\projeto_pim_ii\release\print_nenhum_resultado_encontrado.obj
c:\users\usuário\source\repos\projeto_pim_ii\projeto_pim_ii\release\print_mes_pesquisado.obj
c:\users\usuário\source\repos\projeto_pim_ii\projeto_pim_ii\release\print_mes_agendamento.obj
c:\users\usuário\source\repos\projeto_pim_ii\projeto_pim_ii\release\print_menu_opcao_consulta_agendamento.obj
c:\users\usuário\source\repos\projeto_pim_ii\projeto_pim_ii\release\print_menu_faturamento.obj
c:\users\usuário\source\repos\projeto_pim_ii\projeto_pim_ii\release\print_menu_consultar_paciente.obj
c:\users\usuário\source\repos\projeto_pim_ii\projeto_pim_ii\release\print_menu_consultar_medico.obj
c:\users\usuário\source\repos\projeto_pim_ii\projeto_pim_ii\release\print_menu_consultar_colaborador.obj
c:\users\usuário\source\repos\projeto_pim_ii\projeto_pim_ii\release\funcao_verificar_login.obj
c:\users\usuário\source\repos\projeto_pim_ii\projeto_pim_ii\release\setup_locale.obj
c:\users\usuário\source\repos\projeto_pim_ii\projeto_pim_ii\release\print_faturamento_mensal.obj
c:\users\usuário\source\repos\projeto_pim_ii\projeto_pim_ii\release\menu_relatorio_faturamento_diario_unidade.obj
c:\users\usuário\source\repos\projeto_pim_ii\projeto_pim_ii\release\menu_relatorio_reclamacao_registradas.obj
c:\users\usuário\source\repos\projeto_pim_ii\projeto_pim_ii\release\menu_relatorio_consulta_agendadas.obj
c:\users\usuário\source\repos\projeto_pim_ii\projeto_pim_ii\release\print_tente_novamente.obj
c:\users\usuário\source\repos\projeto_pim_ii\projeto_pim_ii\release\print_senha_master_invalida.obj
c:\users\usuário\source\repos\projeto_pim_ii\projeto_pim_ii\release\print_reclamacao.obj
c:\users\usuário\source\repos\projeto_pim_ii\projeto_pim_ii\release\menu_opcao_pos_agendamento.obj
c:\users\usuário\source\repos\projeto_pim_ii\projeto_pim_ii\release\print_menu_opcao_principal.obj
c:\users\usuário\source\repos\projeto_pim_ii\projeto_pim_ii\release\print_parametros_para_consulta.obj
c:\users\usuário\source\repos\projeto_pim_ii\projeto_pim_ii\release\print_paciente.obj
c:\users\usuário\source\repos\projeto_pim_ii\projeto_pim_ii\release\print_opcao_pos_reclamacao.obj
c:\users\usuário\source\repos\projeto_pim_ii\projeto_pim_ii\release\print_opcao_pos_agendamento.obj
c:\users\usuário\source\repos\projeto_pim_ii\projeto_pim_ii\release\print_menu_opcao_relatorio.obj
c:\users\usuário\source\repos\projeto_pim_ii\projeto_pim_ii\release\print_menu_opcao_reclamacao_elogio.obj
c:\users\usuário\source\repos\projeto_pim_ii\release\projeto_pim_ii.exe
c:\users\usuário\source\repos\projeto_pim_ii\release\projeto_pim_ii.pdb
c:\users\usuário\source\repos\projeto_pim_ii\release\projeto_pim_ii.ipdb
c:\users\usuário\source\repos\projeto_pim_ii\release\projeto_pim_ii.iobj
c:\users\usuário\source\repos\projeto_pim_ii\projeto_pim_ii\release\projeto_pim_ii.tlog\cl.command.1.tlog
c:\users\usuário\source\repos\projeto_pim_ii\projeto_pim_ii\release\projeto_pim_ii.tlog\cl.read.1.tlog
c:\users\usuário\source\repos\projeto_pim_ii\projeto_pim_ii\release\projeto_pim_ii.tlog\cl.write.1.tlog
c:\users\usuário\source\repos\projeto_pim_ii\projeto_pim_ii\release\projeto_pim_ii.tlog\link.command.1.tlog
c:\users\usuário\source\repos\projeto_pim_ii\projeto_pim_ii\release\projeto_pim_ii.tlog\link.read.1.tlog
c:\users\usuário\source\repos\projeto_pim_ii\projeto_pim_ii\release\projeto_pim_ii.tlog\link.write.1.tlog
c:\users\usuário\source\repos\projeto_pim_ii\projeto_pim_ii\release\projeto_pim_ii.tlog\projeto_pim_ii.write.1u.tlog
